Copyright 1986-2018 Xilinx, Inc. All Rights Reserved.
------------------------------------------------------------------------------------
| Tool Version : Vivado v.2018.1 (win64) Build 2188600 Wed Apr  4 18:40:38 MDT 2018
| Date         : Fri Jun 29 18:39:53 2018
| Host         : DESKTOP-VFCAHNJ running 64-bit major release  (build 9200)
| Command      : report_control_sets -verbose -file top_control_sets_placed.rpt
| Design       : top
| Device       : xc7a35t
------------------------------------------------------------------------------------

Control Set Information

Table of Contents
-----------------
1. Summary
2. Histogram
3. Flip-Flop Distribution
4. Detailed Control Set Information

1. Summary
----------

+----------------------------------------------------------+-------+
|                          Status                          | Count |
+----------------------------------------------------------+-------+
| Number of unique control sets                            |     4 |
| Unused register locations in slices containing registers |    15 |
+----------------------------------------------------------+-------+


2. Histogram
------------

+--------+--------------+
| Fanout | Control Sets |
+--------+--------------+
|      3 |            1 |
|    16+ |            3 |
+--------+--------------+


3. Flip-Flop Distribution
-------------------------

+--------------+-----------------------+------------------------+-----------------+--------------+
| Clock Enable | Synchronous Set/Reset | Asynchronous Set/Reset | Total Registers | Total Slices |
+--------------+-----------------------+------------------------+-----------------+--------------+
| No           | No                    | No                     |              18 |            5 |
| No           | No                    | Yes                    |               0 |            0 |
| No           | Yes                   | No                     |              22 |            6 |
| Yes          | No                    | No                     |              25 |            7 |
| Yes          | No                    | Yes                    |               0 |            0 |
| Yes          | Yes                   | No                     |               0 |            0 |
+--------------+-----------------------+------------------------+-----------------+--------------+


4. Detailed Control Set Information
-----------------------------------

+----------------+--------------------+--------------------+------------------+----------------+
|  Clock Signal  |    Enable Signal   |  Set/Reset Signal  | Slice Load Count | Bel Load Count |
+----------------+--------------------+--------------------+------------------+----------------+
|  clk_IBUF_BUFG | dave[2]_i_1_n_0    |                    |                1 |              3 |
|  clk_IBUF_BUFG |                    |                    |                5 |             18 |
|  clk_IBUF_BUFG |                    | countf[21]_i_1_n_0 |                6 |             22 |
|  clk_IBUF_BUFG | countf[21]_i_1_n_0 |                    |                6 |             22 |
+----------------+--------------------+--------------------+------------------+----------------+


